<?xml version="1.0" encoding="UTF-8"?>
<testsuite name="com.mindhub.homebanking.HomebankingApplicationTests" tests="1" skipped="0" failures="0" errors="0" timestamp="2023-09-14T23:08:36" hostname="DESKTOP-OUN91Q0" time="0.092">
  <properties/>
  <testcase name="contextLoads()" classname="com.mindhub.homebanking.HomebankingApplicationTests" time="0.092"/>
  <system-out><![CDATA[20:08:32.348 [Test worker] DEBUG org.springframework.test.context.BootstrapUtils - Instantiating CacheAwareContextLoaderDelegate from class [org.springframework.test.context.cache.DefaultCacheAwareContextLoaderDelegate]
20:08:32.356 [Test worker] DEBUG org.springframework.test.context.BootstrapUtils - Instantiating BootstrapContext using constructor [public org.springframework.test.context.support.DefaultBootstrapContext(java.lang.Class,org.springframework.test.context.CacheAwareContextLoaderDelegate)]
20:08:32.384 [Test worker] DEBUG org.springframework.test.context.BootstrapUtils - Instantiating TestContextBootstrapper for test class [com.mindhub.homebanking.HomebankingApplicationTests] from class [org.springframework.boot.test.context.SpringBootTestContextBootstrapper]
20:08:32.393 [Test worker] INFO org.springframework.boot.test.context.SpringBootTestContextBootstrapper - Neither @ContextConfiguration nor @ContextHierarchy found for test class [com.mindhub.homebanking.HomebankingApplicationTests], using SpringBootContextLoader
20:08:32.396 [Test worker] DEBUG org.springframework.test.context.support.AbstractContextLoader - Did not detect default resource location for test class [com.mindhub.homebanking.HomebankingApplicationTests]: class path resource [com/mindhub/homebanking/HomebankingApplicationTests-context.xml] does not exist
20:08:32.396 [Test worker] DEBUG org.springframework.test.context.support.AbstractContextLoader - Did not detect default resource location for test class [com.mindhub.homebanking.HomebankingApplicationTests]: class path resource [com/mindhub/homebanking/HomebankingApplicationTestsContext.groovy] does not exist
20:08:32.397 [Test worker] INFO org.springframework.test.context.support.AbstractContextLoader - Could not detect default resource locations for test class [com.mindhub.homebanking.HomebankingApplicationTests]: no resource found for suffixes {-context.xml, Context.groovy}.
20:08:32.397 [Test worker] INFO org.springframework.test.context.support.AnnotationConfigContextLoaderUtils - Could not detect default configuration classes for test class [com.mindhub.homebanking.HomebankingApplicationTests]: HomebankingApplicationTests does not declare any static, non-private, non-final, nested classes annotated with @Configuration.
20:08:32.430 [Test worker] DEBUG org.springframework.test.context.support.ActiveProfilesUtils - Could not find an 'annotation declaring class' for annotation type [org.springframework.test.context.ActiveProfiles] and class [com.mindhub.homebanking.HomebankingApplicationTests]
20:08:32.473 [Test worker] DEBUG org.springframework.context.annotation.ClassPathScanningCandidateComponentProvider - Identified candidate component class: file [E:\Downloads\mindhub\MINDHUB-JAVA\WS_INTEL_COM\homebanking\homebanking\build\classes\java\main\com\mindhub\homebanking\HomebankingApplication.class]
20:08:32.474 [Test worker] INFO org.springframework.boot.test.context.SpringBootTestContextBootstrapper - Found @SpringBootConfiguration com.mindhub.homebanking.HomebankingApplication for test class com.mindhub.homebanking.HomebankingApplicationTests
20:08:32.559 [Test worker] DEBUG org.springframework.boot.test.context.SpringBootTestContextBootstrapper - @TestExecutionListeners is not present for class [com.mindhub.homebanking.HomebankingApplicationTests]: using defaults.
20:08:32.559 [Test worker] INFO org.springframework.boot.test.context.SpringBootTestContextBootstrapper - Loaded default TestExecutionListener class names from location [META-INF/spring.factories]: [org.springframework.boot.test.autoconfigure.restdocs.RestDocsTestExecutionListener, org.springframework.boot.test.autoconfigure.web.client.MockRestServiceServerResetTestExecutionListener, org.springframework.boot.test.autoconfigure.web.servlet.MockMvcPrintOnlyOnFailureTestExecutionListener, org.springframework.boot.test.autoconfigure.web.servlet.WebDriverTestExecutionListener, org.springframework.boot.test.autoconfigure.webservices.client.MockWebServiceServerTestExecutionListener, org.springframework.boot.test.mock.mockito.MockitoTestExecutionListener, org.springframework.boot.test.mock.mockito.ResetMocksTestExecutionListener, org.springframework.test.context.web.ServletTestExecutionListener, org.springframework.test.context.support.DirtiesContextBeforeModesTestExecutionListener, org.springframework.test.context.event.ApplicationEventsTestExecutionListener, org.springframework.test.context.support.DependencyInjectionTestExecutionListener, org.springframework.test.context.support.DirtiesContextTestExecutionListener, org.springframework.test.context.transaction.TransactionalTestExecutionListener, org.springframework.test.context.jdbc.SqlScriptsTestExecutionListener, org.springframework.test.context.event.EventPublishingTestExecutionListener]
20:08:32.573 [Test worker] INFO org.springframework.boot.test.context.SpringBootTestContextBootstrapper - Using TestExecutionListeners: [org.springframework.test.context.web.ServletTestExecutionListener@71652c98, org.springframework.test.context.support.DirtiesContextBeforeModesTestExecutionListener@51bde877, org.springframework.test.context.event.ApplicationEventsTestExecutionListener@60b85ba1, org.springframework.boot.test.mock.mockito.MockitoTestExecutionListener@492fc69e, org.springframework.boot.test.autoconfigure.SpringBootDependencyInjectionTestExecutionListener@117632cf, org.springframework.test.context.support.DirtiesContextTestExecutionListener@2fb68ec6, org.springframework.test.context.transaction.TransactionalTestExecutionListener@d71adc2, org.springframework.test.context.jdbc.SqlScriptsTestExecutionListener@3add81c4, org.springframework.test.context.event.EventPublishingTestExecutionListener@1a1d3c1a, org.springframework.boot.test.autoconfigure.restdocs.RestDocsTestExecutionListener@1c65121, org.springframework.boot.test.autoconfigure.web.client.MockRestServiceServerResetTestExecutionListener@159e366, org.springframework.boot.test.autoconfigure.web.servlet.MockMvcPrintOnlyOnFailureTestExecutionListener@57dc9128, org.springframework.boot.test.autoconfigure.web.servlet.WebDriverTestExecutionListener@24528a25, org.springframework.boot.test.autoconfigure.webservices.client.MockWebServiceServerTestExecutionListener@17ae98d7, org.springframework.boot.test.mock.mockito.ResetMocksTestExecutionListener@59221b97]
20:08:32.576 [Test worker] DEBUG org.springframework.test.context.support.AbstractDirtiesContextTestExecutionListener - Before test class: context [DefaultTestContext@36b6964d testClass = HomebankingApplicationTests, testInstance = [null], testMethod = [null], testException = [null], mergedContextConfiguration = [WebMergedContextConfiguration@31198ceb testClass = HomebankingApplicationTests, locations = '{}', classes = '{class com.mindhub.homebanking.HomebankingApplication}', contextInitializerClasses = '[]', activeProfiles = '{}', propertySourceLocations = '{}', propertySourceProperties = '{org.springframework.boot.test.context.SpringBootTestContextBootstrapper=true}', contextCustomizers = set[org.springframework.boot.test.autoconfigure.actuate.metrics.MetricsExportContextCustomizerFactory$DisableMetricExportContextCustomizer@6bb75258, org.springframework.boot.test.autoconfigure.properties.PropertyMappingContextCustomizer@0, org.springframework.boot.test.autoconfigure.web.servlet.WebDriverContextCustomizerFactory$Customizer@38be305c, org.springframework.boot.test.context.filter.ExcludeFilterContextCustomizer@3234f74e, org.springframework.boot.test.json.DuplicateJsonObjectContextCustomizerFactory$DuplicateJsonObjectContextCustomizer@26a4842b, org.springframework.boot.test.mock.mockito.MockitoContextCustomizer@0, org.springframework.boot.test.web.client.TestRestTemplateContextCustomizer@51e8e6e6, org.springframework.boot.test.context.SpringBootTestArgs@1, org.springframework.boot.test.context.SpringBootTestWebEnvironment@cd1e646], resourceBasePath = 'src/main/webapp', contextLoader = 'org.springframework.boot.test.context.SpringBootContextLoader', parent = [null]], attributes = map['org.springframework.test.context.web.ServletTestExecutionListener.activateListener' -> true]], class annotated with @DirtiesContext [false] with mode [null].

  .   ____          _            __ _ _
 /\\ / ___'_ __ _ _(_)_ __  __ _ \ \ \ \
( ( )\___ | '_ | '_| | '_ \/ _` | \ \ \ \
 \\/  ___)| |_)| | | | | || (_| |  ) ) ) )
  '  |____| .__|_| |_|_| |_\__, | / / / /
 =========|_|==============|___/=/_/_/_/
 :: Spring Boot ::               (v2.7.14)

2023-09-14 20:08:32.880  INFO 98068 --- [    Test worker] c.m.h.HomebankingApplicationTests        : Starting HomebankingApplicationTests using Java 11.0.20 on DESKTOP-OUN91Q0 with PID 98068 (started by marce in E:\Downloads\mindhub\MINDHUB-JAVA\WS_INTEL_COM\homebanking\homebanking)
2023-09-14 20:08:32.882  INFO 98068 --- [    Test worker] c.m.h.HomebankingApplicationTests        : No active profile set, falling back to 1 default profile: "default"
2023-09-14 20:08:33.479  INFO 98068 --- [    Test worker] .s.d.r.c.RepositoryConfigurationDelegate : Bootstrapping Spring Data JPA repositories in DEFAULT mode.
2023-09-14 20:08:33.538  INFO 98068 --- [    Test worker] .s.d.r.c.RepositoryConfigurationDelegate : Finished Spring Data repository scanning in 48 ms. Found 6 JPA repository interfaces.
2023-09-14 20:08:34.052  INFO 98068 --- [    Test worker] o.hibernate.jpa.internal.util.LogHelper  : HHH000204: Processing PersistenceUnitInfo [name: default]
2023-09-14 20:08:34.103  INFO 98068 --- [    Test worker] org.hibernate.Version                    : HHH000412: Hibernate ORM core version 5.6.15.Final
2023-09-14 20:08:34.251  INFO 98068 --- [    Test worker] o.hibernate.annotations.common.Version   : HCANN000001: Hibernate Commons Annotations {5.1.2.Final}
2023-09-14 20:08:34.341  INFO 98068 --- [    Test worker] com.zaxxer.hikari.HikariDataSource       : HikariPool-1 - Starting...
2023-09-14 20:08:34.511  INFO 98068 --- [    Test worker] com.zaxxer.hikari.HikariDataSource       : HikariPool-1 - Start completed.
2023-09-14 20:08:34.529  INFO 98068 --- [    Test worker] org.hibernate.dialect.Dialect            : HHH000400: Using dialect: org.hibernate.dialect.PostgreSQL9Dialect
2023-09-14 20:08:35.198  INFO 98068 --- [    Test worker] o.h.e.t.j.p.i.JtaPlatformInitiator       : HHH000490: Using JtaPlatform implementation: [org.hibernate.engine.transaction.jta.platform.internal.NoJtaPlatform]
2023-09-14 20:08:35.206  INFO 98068 --- [    Test worker] j.LocalContainerEntityManagerFactoryBean : Initialized JPA EntityManagerFactory for persistence unit 'default'
2023-09-14 20:08:35.857 DEBUG 98068 --- [    Test worker] edFilterInvocationSecurityMetadataSource : Adding web access control expression [permitAll] for Ant [pattern='/api/clients', POST]
2023-09-14 20:08:35.872 DEBUG 98068 --- [    Test worker] edFilterInvocationSecurityMetadataSource : Adding web access control expression [permitAll] for Ant [pattern='/web/login.html']
2023-09-14 20:08:35.873 DEBUG 98068 --- [    Test worker] edFilterInvocationSecurityMetadataSource : Adding web access control expression [permitAll] for Ant [pattern='/web/css/**']
2023-09-14 20:08:35.873 DEBUG 98068 --- [    Test worker] edFilterInvocationSecurityMetadataSource : Adding web access control expression [permitAll] for Ant [pattern='/web/index.html']
2023-09-14 20:08:35.873 DEBUG 98068 --- [    Test worker] edFilterInvocationSecurityMetadataSource : Adding web access control expression [permitAll] for Ant [pattern='/web/js/**']
2023-09-14 20:08:35.873 DEBUG 98068 --- [    Test worker] edFilterInvocationSecurityMetadataSource : Adding web access control expression [permitAll] for Ant [pattern='/web/ccs/style.css']
2023-09-14 20:08:35.873 DEBUG 98068 --- [    Test worker] edFilterInvocationSecurityMetadataSource : Adding web access control expression [permitAll] for Ant [pattern='/web/js/index.js']
2023-09-14 20:08:35.873 DEBUG 98068 --- [    Test worker] edFilterInvocationSecurityMetadataSource : Adding web access control expression [permitAll] for Ant [pattern='/web/img/**']
2023-09-14 20:08:35.873 DEBUG 98068 --- [    Test worker] edFilterInvocationSecurityMetadataSource : Adding web access control expression [permitAll] for Ant [pattern='/web/**']
2023-09-14 20:08:35.873 DEBUG 98068 --- [    Test worker] edFilterInvocationSecurityMetadataSource : Adding web access control expression [hasAnyAuthority('CLIENT','ADMIN')] for Ant [pattern='/api/clients/current', GET]
2023-09-14 20:08:35.875 DEBUG 98068 --- [    Test worker] edFilterInvocationSecurityMetadataSource : Adding web access control expression [hasAnyAuthority('CLIENT','ADMIN')] for Ant [pattern='/api/accounts/', GET]
2023-09-14 20:08:35.875 DEBUG 98068 --- [    Test worker] edFilterInvocationSecurityMetadataSource : Adding web access control expression [hasAnyAuthority('CLIENT','ADMIN')] for Ant [pattern='/api/loans', GET]
2023-09-14 20:08:35.875 DEBUG 98068 --- [    Test worker] edFilterInvocationSecurityMetadataSource : Adding web access control expression [hasAnyAuthority('CLIENT','ADMIN')] for Ant [pattern='/api/clients/current/accounts', GET]
2023-09-14 20:08:35.875 DEBUG 98068 --- [    Test worker] edFilterInvocationSecurityMetadataSource : Adding web access control expression [hasAnyAuthority('CLIENT','ADMIN')] for Ant [pattern='/api/accounts/*', GET]
2023-09-14 20:08:35.875 DEBUG 98068 --- [    Test worker] edFilterInvocationSecurityMetadataSource : Adding web access control expression [hasAnyAuthority('CLIENT','ADMIN')] for Ant [pattern='/api/cards/current', GET]
2023-09-14 20:08:35.876 DEBUG 98068 --- [    Test worker] edFilterInvocationSecurityMetadataSource : Adding web access control expression [hasAnyAuthority('CLIENT','ADMIN')] for Ant [pattern='/api/transactions', GET]
2023-09-14 20:08:35.876 DEBUG 98068 --- [    Test worker] edFilterInvocationSecurityMetadataSource : Adding web access control expression [hasAnyAuthority('CLIENT','ADMIN')] for Ant [pattern='/api/clients/current/cards', GET]
2023-09-14 20:08:35.876 DEBUG 98068 --- [    Test worker] edFilterInvocationSecurityMetadataSource : Adding web access control expression [hasAnyAuthority('CLIENT','ADMIN')] for Ant [pattern='/api/clients/current/cards', POST]
2023-09-14 20:08:35.876 DEBUG 98068 --- [    Test worker] edFilterInvocationSecurityMetadataSource : Adding web access control expression [hasAnyAuthority('CLIENT','ADMIN')] for Ant [pattern='/api/clients/current/accounts', POST]
2023-09-14 20:08:35.876 DEBUG 98068 --- [    Test worker] edFilterInvocationSecurityMetadataSource : Adding web access control expression [hasAnyAuthority('CLIENT','ADMIN')] for Ant [pattern='/api/clients/current/transactions', POST]
2023-09-14 20:08:35.876 DEBUG 98068 --- [    Test worker] edFilterInvocationSecurityMetadataSource : Adding web access control expression [hasAnyAuthority('CLIENT','ADMIN')] for Ant [pattern='/api/transactions', POST]
2023-09-14 20:08:35.877 DEBUG 98068 --- [    Test worker] edFilterInvocationSecurityMetadataSource : Adding web access control expression [hasAnyAuthority('CLIENT','ADMIN')] for Ant [pattern='/api/loans', POST]
2023-09-14 20:08:35.877 DEBUG 98068 --- [    Test worker] edFilterInvocationSecurityMetadataSource : Adding web access control expression [hasAuthority('ADMIN')] for Ant [pattern='/h2-console/']
2023-09-14 20:08:35.877 DEBUG 98068 --- [    Test worker] edFilterInvocationSecurityMetadataSource : Adding web access control expression [hasAuthority('ADMIN')] for Ant [pattern='/rest/']
2023-09-14 20:08:35.877 DEBUG 98068 --- [    Test worker] edFilterInvocationSecurityMetadataSource : Adding web access control expression [hasAuthority('ADMIN')] for Ant [pattern='/api/clients']
2023-09-14 20:08:35.877 DEBUG 98068 --- [    Test worker] edFilterInvocationSecurityMetadataSource : Adding web access control expression [denyAll] for any request
2023-09-14 20:08:35.897  INFO 98068 --- [    Test worker] o.s.s.web.DefaultSecurityFilterChain     : Will secure any request with [org.springframework.security.web.session.DisableEncodeUrlFilter@3833897c, org.springframework.security.web.context.request.async.WebAsyncManagerIntegrationFilter@519eab1e, org.springframework.security.web.context.SecurityContextPersistenceFilter@7f839ec5, org.springframework.security.web.header.HeaderWriterFilter@2d5435d4, org.springframework.security.web.authentication.logout.LogoutFilter@5fd5d6d1, org.springframework.security.web.authentication.UsernamePasswordAuthenticationFilter@8a11a19, org.springframework.security.web.savedrequest.RequestCacheAwareFilter@1f24e33d, org.springframework.security.web.servletapi.SecurityContextHolderAwareRequestFilter@7c3223aa, org.springframework.security.web.authentication.AnonymousAuthenticationFilter@7d2a4598, org.springframework.security.web.session.SessionManagementFilter@1d988297, org.springframework.security.web.access.ExceptionTranslationFilter@40ebb56, org.springframework.security.web.access.intercept.FilterSecurityInterceptor@2262bc86]
2023-09-14 20:08:36.075  WARN 98068 --- [    Test worker] JpaBaseConfiguration$JpaWebConfiguration : spring.jpa.open-in-view is enabled by default. Therefore, database queries may be performed during view rendering. Explicitly configure spring.jpa.open-in-view to disable this warning
2023-09-14 20:08:36.929  INFO 98068 --- [    Test worker] c.m.h.HomebankingApplicationTests        : Started HomebankingApplicationTests in 4.324 seconds (JVM running for 5.359)
]]></system-out>
  <system-err><![CDATA[]]></system-err>
</testsuite>
