<?xml version="1.0" encoding="UTF-8"?>
<testsuite name="com.mindhub.homebanking.HomebankingApplicationTests" tests="1" skipped="0" failures="0" errors="0" timestamp="2023-09-10T04:00:34" hostname="DESKTOP-OUN91Q0" time="0.095">
  <properties/>
  <testcase name="contextLoads()" classname="com.mindhub.homebanking.HomebankingApplicationTests" time="0.095"/>
  <system-out><![CDATA[01:00:22.351 [Test worker] DEBUG org.springframework.test.context.BootstrapUtils - Instantiating CacheAwareContextLoaderDelegate from class [org.springframework.test.context.cache.DefaultCacheAwareContextLoaderDelegate]
01:00:22.359 [Test worker] DEBUG org.springframework.test.context.BootstrapUtils - Instantiating BootstrapContext using constructor [public org.springframework.test.context.support.DefaultBootstrapContext(java.lang.Class,org.springframework.test.context.CacheAwareContextLoaderDelegate)]
01:00:22.383 [Test worker] DEBUG org.springframework.test.context.BootstrapUtils - Instantiating TestContextBootstrapper for test class [com.mindhub.homebanking.HomebankingApplicationTests] from class [org.springframework.boot.test.context.SpringBootTestContextBootstrapper]
01:00:22.393 [Test worker] INFO org.springframework.boot.test.context.SpringBootTestContextBootstrapper - Neither @ContextConfiguration nor @ContextHierarchy found for test class [com.mindhub.homebanking.HomebankingApplicationTests], using SpringBootContextLoader
01:00:22.396 [Test worker] DEBUG org.springframework.test.context.support.AbstractContextLoader - Did not detect default resource location for test class [com.mindhub.homebanking.HomebankingApplicationTests]: class path resource [com/mindhub/homebanking/HomebankingApplicationTests-context.xml] does not exist
01:00:22.397 [Test worker] DEBUG org.springframework.test.context.support.AbstractContextLoader - Did not detect default resource location for test class [com.mindhub.homebanking.HomebankingApplicationTests]: class path resource [com/mindhub/homebanking/HomebankingApplicationTestsContext.groovy] does not exist
01:00:22.397 [Test worker] INFO org.springframework.test.context.support.AbstractContextLoader - Could not detect default resource locations for test class [com.mindhub.homebanking.HomebankingApplicationTests]: no resource found for suffixes {-context.xml, Context.groovy}.
01:00:22.397 [Test worker] INFO org.springframework.test.context.support.AnnotationConfigContextLoaderUtils - Could not detect default configuration classes for test class [com.mindhub.homebanking.HomebankingApplicationTests]: HomebankingApplicationTests does not declare any static, non-private, non-final, nested classes annotated with @Configuration.
01:00:22.437 [Test worker] DEBUG org.springframework.test.context.support.ActiveProfilesUtils - Could not find an 'annotation declaring class' for annotation type [org.springframework.test.context.ActiveProfiles] and class [com.mindhub.homebanking.HomebankingApplicationTests]
01:00:22.484 [Test worker] DEBUG org.springframework.context.annotation.ClassPathScanningCandidateComponentProvider - Identified candidate component class: file [E:\Downloads\mindhub\MINDHUB-JAVA\WS_INTEL_COM\homebanking\homebanking\build\classes\java\main\com\mindhub\homebanking\HomebankingApplication.class]
01:00:22.485 [Test worker] INFO org.springframework.boot.test.context.SpringBootTestContextBootstrapper - Found @SpringBootConfiguration com.mindhub.homebanking.HomebankingApplication for test class com.mindhub.homebanking.HomebankingApplicationTests
01:00:22.578 [Test worker] DEBUG org.springframework.boot.test.context.SpringBootTestContextBootstrapper - @TestExecutionListeners is not present for class [com.mindhub.homebanking.HomebankingApplicationTests]: using defaults.
01:00:22.579 [Test worker] INFO org.springframework.boot.test.context.SpringBootTestContextBootstrapper - Loaded default TestExecutionListener class names from location [META-INF/spring.factories]: [org.springframework.boot.test.autoconfigure.restdocs.RestDocsTestExecutionListener, org.springframework.boot.test.autoconfigure.web.client.MockRestServiceServerResetTestExecutionListener, org.springframework.boot.test.autoconfigure.web.servlet.MockMvcPrintOnlyOnFailureTestExecutionListener, org.springframework.boot.test.autoconfigure.web.servlet.WebDriverTestExecutionListener, org.springframework.boot.test.autoconfigure.webservices.client.MockWebServiceServerTestExecutionListener, org.springframework.boot.test.mock.mockito.MockitoTestExecutionListener, org.springframework.boot.test.mock.mockito.ResetMocksTestExecutionListener, org.springframework.test.context.web.ServletTestExecutionListener, org.springframework.test.context.support.DirtiesContextBeforeModesTestExecutionListener, org.springframework.test.context.event.ApplicationEventsTestExecutionListener, org.springframework.test.context.support.DependencyInjectionTestExecutionListener, org.springframework.test.context.support.DirtiesContextTestExecutionListener, org.springframework.test.context.transaction.TransactionalTestExecutionListener, org.springframework.test.context.jdbc.SqlScriptsTestExecutionListener, org.springframework.test.context.event.EventPublishingTestExecutionListener]
01:00:22.592 [Test worker] INFO org.springframework.boot.test.context.SpringBootTestContextBootstrapper - Using TestExecutionListeners: [org.springframework.test.context.web.ServletTestExecutionListener@160c3ec1, org.springframework.test.context.support.DirtiesContextBeforeModesTestExecutionListener@182b435b, org.springframework.test.context.event.ApplicationEventsTestExecutionListener@4d0402b, org.springframework.boot.test.mock.mockito.MockitoTestExecutionListener@2fa7ae9, org.springframework.boot.test.autoconfigure.SpringBootDependencyInjectionTestExecutionListener@7577b641, org.springframework.test.context.support.DirtiesContextTestExecutionListener@3704122f, org.springframework.test.context.transaction.TransactionalTestExecutionListener@3153ddfc, org.springframework.test.context.jdbc.SqlScriptsTestExecutionListener@60afd40d, org.springframework.test.context.event.EventPublishingTestExecutionListener@28a2a3e7, org.springframework.boot.test.autoconfigure.restdocs.RestDocsTestExecutionListener@3f2049b6, org.springframework.boot.test.autoconfigure.web.client.MockRestServiceServerResetTestExecutionListener@10b3df93, org.springframework.boot.test.autoconfigure.web.servlet.MockMvcPrintOnlyOnFailureTestExecutionListener@ea27e34, org.springframework.boot.test.autoconfigure.web.servlet.WebDriverTestExecutionListener@33a2499c, org.springframework.boot.test.autoconfigure.webservices.client.MockWebServiceServerTestExecutionListener@e72dba7, org.springframework.boot.test.mock.mockito.ResetMocksTestExecutionListener@33c2bd]
01:00:22.595 [Test worker] DEBUG org.springframework.test.context.support.AbstractDirtiesContextTestExecutionListener - Before test class: context [DefaultTestContext@42deb43a testClass = HomebankingApplicationTests, testInstance = [null], testMethod = [null], testException = [null], mergedContextConfiguration = [WebMergedContextConfiguration@1deb2c43 testClass = HomebankingApplicationTests, locations = '{}', classes = '{class com.mindhub.homebanking.HomebankingApplication}', contextInitializerClasses = '[]', activeProfiles = '{}', propertySourceLocations = '{}', propertySourceProperties = '{org.springframework.boot.test.context.SpringBootTestContextBootstrapper=true}', contextCustomizers = set[org.springframework.boot.test.autoconfigure.actuate.metrics.MetricsExportContextCustomizerFactory$DisableMetricExportContextCustomizer@f667fe, org.springframework.boot.test.autoconfigure.properties.PropertyMappingContextCustomizer@0, org.springframework.boot.test.autoconfigure.web.servlet.WebDriverContextCustomizerFactory$Customizer@24b6b8f6, org.springframework.boot.test.context.filter.ExcludeFilterContextCustomizer@45c8d09f, org.springframework.boot.test.json.DuplicateJsonObjectContextCustomizerFactory$DuplicateJsonObjectContextCustomizer@18230356, org.springframework.boot.test.mock.mockito.MockitoContextCustomizer@0, org.springframework.boot.test.web.client.TestRestTemplateContextCustomizer@6f8f9349, org.springframework.boot.test.context.SpringBootTestArgs@1, org.springframework.boot.test.context.SpringBootTestWebEnvironment@cd1e646], resourceBasePath = 'src/main/webapp', contextLoader = 'org.springframework.boot.test.context.SpringBootContextLoader', parent = [null]], attributes = map['org.springframework.test.context.web.ServletTestExecutionListener.activateListener' -> true]], class annotated with @DirtiesContext [false] with mode [null].

  .   ____          _            __ _ _
 /\\ / ___'_ __ _ _(_)_ __  __ _ \ \ \ \
( ( )\___ | '_ | '_| | '_ \/ _` | \ \ \ \
 \\/  ___)| |_)| | | | | || (_| |  ) ) ) )
  '  |____| .__|_| |_|_| |_\__, | / / / /
 =========|_|==============|___/=/_/_/_/
 :: Spring Boot ::               (v2.7.14)

2023-09-10 01:00:22.863  INFO 144644 --- [    Test worker] c.m.h.HomebankingApplicationTests        : Starting HomebankingApplicationTests using Java 11.0.20 on DESKTOP-OUN91Q0 with PID 144644 (started by marce in E:\Downloads\mindhub\MINDHUB-JAVA\WS_INTEL_COM\homebanking\homebanking)
2023-09-10 01:00:22.864  INFO 144644 --- [    Test worker] c.m.h.HomebankingApplicationTests        : No active profile set, falling back to 1 default profile: "default"
2023-09-10 01:00:23.413  INFO 144644 --- [    Test worker] .s.d.r.c.RepositoryConfigurationDelegate : Bootstrapping Spring Data JPA repositories in DEFAULT mode.
2023-09-10 01:00:23.489  INFO 144644 --- [    Test worker] .s.d.r.c.RepositoryConfigurationDelegate : Finished Spring Data repository scanning in 69 ms. Found 6 JPA repository interfaces.
2023-09-10 01:00:24.036  INFO 144644 --- [    Test worker] o.hibernate.jpa.internal.util.LogHelper  : HHH000204: Processing PersistenceUnitInfo [name: default]
2023-09-10 01:00:24.084  INFO 144644 --- [    Test worker] org.hibernate.Version                    : HHH000412: Hibernate ORM core version 5.6.15.Final
2023-09-10 01:00:24.221  INFO 144644 --- [    Test worker] o.hibernate.annotations.common.Version   : HCANN000001: Hibernate Commons Annotations {5.1.2.Final}
2023-09-10 01:00:24.313  INFO 144644 --- [    Test worker] com.zaxxer.hikari.HikariDataSource       : HikariPool-1 - Starting...
2023-09-10 01:00:26.983  INFO 144644 --- [    Test worker] com.zaxxer.hikari.HikariDataSource       : HikariPool-1 - Start completed.
2023-09-10 01:00:27.005  INFO 144644 --- [    Test worker] org.hibernate.dialect.Dialect            : HHH000400: Using dialect: org.hibernate.dialect.PostgreSQL9Dialect
2023-09-10 01:00:32.839  INFO 144644 --- [    Test worker] o.h.e.t.j.p.i.JtaPlatformInitiator       : HHH000490: Using JtaPlatform implementation: [org.hibernate.engine.transaction.jta.platform.internal.NoJtaPlatform]
2023-09-10 01:00:32.847  INFO 144644 --- [    Test worker] j.LocalContainerEntityManagerFactoryBean : Initialized JPA EntityManagerFactory for persistence unit 'default'
2023-09-10 01:00:33.476 DEBUG 144644 --- [    Test worker] edFilterInvocationSecurityMetadataSource : Adding web access control expression [permitAll] for Ant [pattern='/api/clients', POST]
2023-09-10 01:00:33.492 DEBUG 144644 --- [    Test worker] edFilterInvocationSecurityMetadataSource : Adding web access control expression [permitAll] for Ant [pattern='/web/login.html']
2023-09-10 01:00:33.492 DEBUG 144644 --- [    Test worker] edFilterInvocationSecurityMetadataSource : Adding web access control expression [permitAll] for Ant [pattern='/web/css/**']
2023-09-10 01:00:33.492 DEBUG 144644 --- [    Test worker] edFilterInvocationSecurityMetadataSource : Adding web access control expression [permitAll] for Ant [pattern='/web/index.html']
2023-09-10 01:00:33.492 DEBUG 144644 --- [    Test worker] edFilterInvocationSecurityMetadataSource : Adding web access control expression [permitAll] for Ant [pattern='/web/js/**']
2023-09-10 01:00:33.493 DEBUG 144644 --- [    Test worker] edFilterInvocationSecurityMetadataSource : Adding web access control expression [permitAll] for Ant [pattern='/web/ccs/style.css']
2023-09-10 01:00:33.493 DEBUG 144644 --- [    Test worker] edFilterInvocationSecurityMetadataSource : Adding web access control expression [permitAll] for Ant [pattern='/web/js/index.js']
2023-09-10 01:00:33.493 DEBUG 144644 --- [    Test worker] edFilterInvocationSecurityMetadataSource : Adding web access control expression [permitAll] for Ant [pattern='/web/img/**']
2023-09-10 01:00:33.493 DEBUG 144644 --- [    Test worker] edFilterInvocationSecurityMetadataSource : Adding web access control expression [permitAll] for Ant [pattern='/web/**']
2023-09-10 01:00:33.493 DEBUG 144644 --- [    Test worker] edFilterInvocationSecurityMetadataSource : Adding web access control expression [hasAnyAuthority('CLIENT','ADMIN')] for Ant [pattern='/api/clients/current', GET]
2023-09-10 01:00:33.495 DEBUG 144644 --- [    Test worker] edFilterInvocationSecurityMetadataSource : Adding web access control expression [hasAnyAuthority('CLIENT','ADMIN')] for Ant [pattern='/api/accounts/', GET]
2023-09-10 01:00:33.496 DEBUG 144644 --- [    Test worker] edFilterInvocationSecurityMetadataSource : Adding web access control expression [hasAnyAuthority('CLIENT','ADMIN')] for Ant [pattern='/api/loans', GET]
2023-09-10 01:00:33.496 DEBUG 144644 --- [    Test worker] edFilterInvocationSecurityMetadataSource : Adding web access control expression [hasAnyAuthority('CLIENT','ADMIN')] for Ant [pattern='/api/clients/current/accounts', GET]
2023-09-10 01:00:33.496 DEBUG 144644 --- [    Test worker] edFilterInvocationSecurityMetadataSource : Adding web access control expression [hasAnyAuthority('CLIENT','ADMIN')] for Ant [pattern='/api/accounts/*', GET]
2023-09-10 01:00:33.496 DEBUG 144644 --- [    Test worker] edFilterInvocationSecurityMetadataSource : Adding web access control expression [hasAnyAuthority('CLIENT','ADMIN')] for Ant [pattern='/api/cards/current', GET]
2023-09-10 01:00:33.496 DEBUG 144644 --- [    Test worker] edFilterInvocationSecurityMetadataSource : Adding web access control expression [hasAnyAuthority('CLIENT','ADMIN')] for Ant [pattern='/api/transactions', GET]
2023-09-10 01:00:33.496 DEBUG 144644 --- [    Test worker] edFilterInvocationSecurityMetadataSource : Adding web access control expression [hasAnyAuthority('CLIENT','ADMIN')] for Ant [pattern='/api/clients/current/cards', GET]
2023-09-10 01:00:33.497 DEBUG 144644 --- [    Test worker] edFilterInvocationSecurityMetadataSource : Adding web access control expression [hasAnyAuthority('CLIENT','ADMIN')] for Ant [pattern='/api/clients/current/cards', POST]
2023-09-10 01:00:33.497 DEBUG 144644 --- [    Test worker] edFilterInvocationSecurityMetadataSource : Adding web access control expression [hasAnyAuthority('CLIENT','ADMIN')] for Ant [pattern='/api/clients/current/accounts', POST]
2023-09-10 01:00:33.497 DEBUG 144644 --- [    Test worker] edFilterInvocationSecurityMetadataSource : Adding web access control expression [hasAnyAuthority('CLIENT','ADMIN')] for Ant [pattern='/api/clients/current/transactions', POST]
2023-09-10 01:00:33.497 DEBUG 144644 --- [    Test worker] edFilterInvocationSecurityMetadataSource : Adding web access control expression [hasAnyAuthority('CLIENT','ADMIN')] for Ant [pattern='/api/transactions', POST]
2023-09-10 01:00:33.497 DEBUG 144644 --- [    Test worker] edFilterInvocationSecurityMetadataSource : Adding web access control expression [hasAnyAuthority('CLIENT','ADMIN')] for Ant [pattern='/api/loans', POST]
2023-09-10 01:00:33.497 DEBUG 144644 --- [    Test worker] edFilterInvocationSecurityMetadataSource : Adding web access control expression [hasAuthority('ADMIN')] for Ant [pattern='/h2-console/']
2023-09-10 01:00:33.498 DEBUG 144644 --- [    Test worker] edFilterInvocationSecurityMetadataSource : Adding web access control expression [hasAuthority('ADMIN')] for Ant [pattern='/rest/']
2023-09-10 01:00:33.498 DEBUG 144644 --- [    Test worker] edFilterInvocationSecurityMetadataSource : Adding web access control expression [hasAuthority('ADMIN')] for Ant [pattern='/api/clients']
2023-09-10 01:00:33.498 DEBUG 144644 --- [    Test worker] edFilterInvocationSecurityMetadataSource : Adding web access control expression [denyAll] for any request
2023-09-10 01:00:33.518  INFO 144644 --- [    Test worker] o.s.s.web.DefaultSecurityFilterChain     : Will secure any request with [org.springframework.security.web.session.DisableEncodeUrlFilter@1659d7d, org.springframework.security.web.context.request.async.WebAsyncManagerIntegrationFilter@6892d403, org.springframework.security.web.context.SecurityContextPersistenceFilter@59700156, org.springframework.security.web.header.HeaderWriterFilter@16a15261, org.springframework.security.web.authentication.logout.LogoutFilter@63b2418e, org.springframework.security.web.authentication.UsernamePasswordAuthenticationFilter@222a7429, org.springframework.security.web.savedrequest.RequestCacheAwareFilter@5afa0b1a, org.springframework.security.web.servletapi.SecurityContextHolderAwareRequestFilter@3d9cba2, org.springframework.security.web.authentication.AnonymousAuthenticationFilter@3fb42ec7, org.springframework.security.web.session.SessionManagementFilter@20d92f1e, org.springframework.security.web.access.ExceptionTranslationFilter@2fca9fae, org.springframework.security.web.access.intercept.FilterSecurityInterceptor@7c31e01f]
2023-09-10 01:00:33.697  WARN 144644 --- [    Test worker] JpaBaseConfiguration$JpaWebConfiguration : spring.jpa.open-in-view is enabled by default. Therefore, database queries may be performed during view rendering. Explicitly configure spring.jpa.open-in-view to disable this warning
2023-09-10 01:00:34.503  INFO 144644 --- [    Test worker] c.m.h.HomebankingApplicationTests        : Started HomebankingApplicationTests in 11.878 seconds (JVM running for 12.897)
]]></system-out>
  <system-err><![CDATA[]]></system-err>
</testsuite>
