<?xml version="1.0" encoding="UTF-8"?>
<testsuite name="com.mindhub.homebanking.HomebankingApplicationTests" tests="1" skipped="0" failures="0" errors="0" timestamp="2023-09-09T03:34:16" hostname="DESKTOP-OUN91Q0" time="0.095">
  <properties/>
  <testcase name="contextLoads()" classname="com.mindhub.homebanking.HomebankingApplicationTests" time="0.095"/>
  <system-out><![CDATA[00:34:11.603 [Test worker] DEBUG org.springframework.test.context.BootstrapUtils - Instantiating CacheAwareContextLoaderDelegate from class [org.springframework.test.context.cache.DefaultCacheAwareContextLoaderDelegate]
00:34:11.610 [Test worker] DEBUG org.springframework.test.context.BootstrapUtils - Instantiating BootstrapContext using constructor [public org.springframework.test.context.support.DefaultBootstrapContext(java.lang.Class,org.springframework.test.context.CacheAwareContextLoaderDelegate)]
00:34:11.639 [Test worker] DEBUG org.springframework.test.context.BootstrapUtils - Instantiating TestContextBootstrapper for test class [com.mindhub.homebanking.HomebankingApplicationTests] from class [org.springframework.boot.test.context.SpringBootTestContextBootstrapper]
00:34:11.661 [Test worker] INFO org.springframework.boot.test.context.SpringBootTestContextBootstrapper - Neither @ContextConfiguration nor @ContextHierarchy found for test class [com.mindhub.homebanking.HomebankingApplicationTests], using SpringBootContextLoader
00:34:11.664 [Test worker] DEBUG org.springframework.test.context.support.AbstractContextLoader - Did not detect default resource location for test class [com.mindhub.homebanking.HomebankingApplicationTests]: class path resource [com/mindhub/homebanking/HomebankingApplicationTests-context.xml] does not exist
00:34:11.664 [Test worker] DEBUG org.springframework.test.context.support.AbstractContextLoader - Did not detect default resource location for test class [com.mindhub.homebanking.HomebankingApplicationTests]: class path resource [com/mindhub/homebanking/HomebankingApplicationTestsContext.groovy] does not exist
00:34:11.664 [Test worker] INFO org.springframework.test.context.support.AbstractContextLoader - Could not detect default resource locations for test class [com.mindhub.homebanking.HomebankingApplicationTests]: no resource found for suffixes {-context.xml, Context.groovy}.
00:34:11.665 [Test worker] INFO org.springframework.test.context.support.AnnotationConfigContextLoaderUtils - Could not detect default configuration classes for test class [com.mindhub.homebanking.HomebankingApplicationTests]: HomebankingApplicationTests does not declare any static, non-private, non-final, nested classes annotated with @Configuration.
00:34:11.715 [Test worker] DEBUG org.springframework.test.context.support.ActiveProfilesUtils - Could not find an 'annotation declaring class' for annotation type [org.springframework.test.context.ActiveProfiles] and class [com.mindhub.homebanking.HomebankingApplicationTests]
00:34:11.760 [Test worker] DEBUG org.springframework.context.annotation.ClassPathScanningCandidateComponentProvider - Identified candidate component class: file [E:\Downloads\mindhub\MINDHUB-JAVA\WS_INTEL_COM\homebanking\homebanking\build\classes\java\main\com\mindhub\homebanking\HomebankingApplication.class]
00:34:11.760 [Test worker] INFO org.springframework.boot.test.context.SpringBootTestContextBootstrapper - Found @SpringBootConfiguration com.mindhub.homebanking.HomebankingApplication for test class com.mindhub.homebanking.HomebankingApplicationTests
00:34:11.877 [Test worker] DEBUG org.springframework.boot.test.context.SpringBootTestContextBootstrapper - @TestExecutionListeners is not present for class [com.mindhub.homebanking.HomebankingApplicationTests]: using defaults.
00:34:11.878 [Test worker] INFO org.springframework.boot.test.context.SpringBootTestContextBootstrapper - Loaded default TestExecutionListener class names from location [META-INF/spring.factories]: [org.springframework.boot.test.autoconfigure.restdocs.RestDocsTestExecutionListener, org.springframework.boot.test.autoconfigure.web.client.MockRestServiceServerResetTestExecutionListener, org.springframework.boot.test.autoconfigure.web.servlet.MockMvcPrintOnlyOnFailureTestExecutionListener, org.springframework.boot.test.autoconfigure.web.servlet.WebDriverTestExecutionListener, org.springframework.boot.test.autoconfigure.webservices.client.MockWebServiceServerTestExecutionListener, org.springframework.boot.test.mock.mockito.MockitoTestExecutionListener, org.springframework.boot.test.mock.mockito.ResetMocksTestExecutionListener, org.springframework.test.context.web.ServletTestExecutionListener, org.springframework.test.context.support.DirtiesContextBeforeModesTestExecutionListener, org.springframework.test.context.event.ApplicationEventsTestExecutionListener, org.springframework.test.context.support.DependencyInjectionTestExecutionListener, org.springframework.test.context.support.DirtiesContextTestExecutionListener, org.springframework.test.context.transaction.TransactionalTestExecutionListener, org.springframework.test.context.jdbc.SqlScriptsTestExecutionListener, org.springframework.test.context.event.EventPublishingTestExecutionListener]
00:34:11.904 [Test worker] INFO org.springframework.boot.test.context.SpringBootTestContextBootstrapper - Using TestExecutionListeners: [org.springframework.test.context.web.ServletTestExecutionListener@475b7792, org.springframework.test.context.support.DirtiesContextBeforeModesTestExecutionListener@751e664e, org.springframework.test.context.event.ApplicationEventsTestExecutionListener@160c3ec1, org.springframework.boot.test.mock.mockito.MockitoTestExecutionListener@182b435b, org.springframework.boot.test.autoconfigure.SpringBootDependencyInjectionTestExecutionListener@4d0402b, org.springframework.test.context.support.DirtiesContextTestExecutionListener@2fa7ae9, org.springframework.test.context.transaction.TransactionalTestExecutionListener@7577b641, org.springframework.test.context.jdbc.SqlScriptsTestExecutionListener@3704122f, org.springframework.test.context.event.EventPublishingTestExecutionListener@3153ddfc, org.springframework.boot.test.autoconfigure.restdocs.RestDocsTestExecutionListener@60afd40d, org.springframework.boot.test.autoconfigure.web.client.MockRestServiceServerResetTestExecutionListener@28a2a3e7, org.springframework.boot.test.autoconfigure.web.servlet.MockMvcPrintOnlyOnFailureTestExecutionListener@3f2049b6, org.springframework.boot.test.autoconfigure.web.servlet.WebDriverTestExecutionListener@10b3df93, org.springframework.boot.test.autoconfigure.webservices.client.MockWebServiceServerTestExecutionListener@ea27e34, org.springframework.boot.test.mock.mockito.ResetMocksTestExecutionListener@33a2499c]
00:34:11.906 [Test worker] DEBUG org.springframework.test.context.support.AbstractDirtiesContextTestExecutionListener - Before test class: context [DefaultTestContext@3ad394e6 testClass = HomebankingApplicationTests, testInstance = [null], testMethod = [null], testException = [null], mergedContextConfiguration = [WebMergedContextConfiguration@6058e535 testClass = HomebankingApplicationTests, locations = '{}', classes = '{class com.mindhub.homebanking.HomebankingApplication}', contextInitializerClasses = '[]', activeProfiles = '{}', propertySourceLocations = '{}', propertySourceProperties = '{org.springframework.boot.test.context.SpringBootTestContextBootstrapper=true}', contextCustomizers = set[org.springframework.boot.test.autoconfigure.actuate.metrics.MetricsExportContextCustomizerFactory$DisableMetricExportContextCustomizer@2262b621, org.springframework.boot.test.autoconfigure.properties.PropertyMappingContextCustomizer@0, org.springframework.boot.test.autoconfigure.web.servlet.WebDriverContextCustomizerFactory$Customizer@10993713, org.springframework.boot.test.context.filter.ExcludeFilterContextCustomizer@5f031ebd, org.springframework.boot.test.json.DuplicateJsonObjectContextCustomizerFactory$DuplicateJsonObjectContextCustomizer@41e350f1, org.springframework.boot.test.mock.mockito.MockitoContextCustomizer@0, org.springframework.boot.test.web.client.TestRestTemplateContextCustomizer@1ef3efa8, org.springframework.boot.test.context.SpringBootTestArgs@1, org.springframework.boot.test.context.SpringBootTestWebEnvironment@24c22fe], resourceBasePath = 'src/main/webapp', contextLoader = 'org.springframework.boot.test.context.SpringBootContextLoader', parent = [null]], attributes = map['org.springframework.test.context.web.ServletTestExecutionListener.activateListener' -> true]], class annotated with @DirtiesContext [false] with mode [null].

  .   ____          _            __ _ _
 /\\ / ___'_ __ _ _(_)_ __  __ _ \ \ \ \
( ( )\___ | '_ | '_| | '_ \/ _` | \ \ \ \
 \\/  ___)| |_)| | | | | || (_| |  ) ) ) )
  '  |____| .__|_| |_|_| |_\__, | / / / /
 =========|_|==============|___/=/_/_/_/
 :: Spring Boot ::               (v2.7.14)

2023-09-09 00:34:12.338  INFO 123860 --- [    Test worker] c.m.h.HomebankingApplicationTests        : Starting HomebankingApplicationTests using Java 11.0.20 on DESKTOP-OUN91Q0 with PID 123860 (started by marce in E:\Downloads\mindhub\MINDHUB-JAVA\WS_INTEL_COM\homebanking\homebanking)
2023-09-09 00:34:12.339  INFO 123860 --- [    Test worker] c.m.h.HomebankingApplicationTests        : No active profile set, falling back to 1 default profile: "default"
2023-09-09 00:34:12.922  INFO 123860 --- [    Test worker] .s.d.r.c.RepositoryConfigurationDelegate : Bootstrapping Spring Data JPA repositories in DEFAULT mode.
2023-09-09 00:34:12.993  INFO 123860 --- [    Test worker] .s.d.r.c.RepositoryConfigurationDelegate : Finished Spring Data repository scanning in 64 ms. Found 6 JPA repository interfaces.
2023-09-09 00:34:13.544  INFO 123860 --- [    Test worker] com.zaxxer.hikari.HikariDataSource       : HikariPool-1 - Starting...
2023-09-09 00:34:13.736  INFO 123860 --- [    Test worker] com.zaxxer.hikari.HikariDataSource       : HikariPool-1 - Start completed.
2023-09-09 00:34:13.859  INFO 123860 --- [    Test worker] o.hibernate.jpa.internal.util.LogHelper  : HHH000204: Processing PersistenceUnitInfo [name: default]
2023-09-09 00:34:13.911  INFO 123860 --- [    Test worker] org.hibernate.Version                    : HHH000412: Hibernate ORM core version 5.6.15.Final
2023-09-09 00:34:14.070  INFO 123860 --- [    Test worker] o.hibernate.annotations.common.Version   : HCANN000001: Hibernate Commons Annotations {5.1.2.Final}
2023-09-09 00:34:14.194  INFO 123860 --- [    Test worker] org.hibernate.dialect.Dialect            : HHH000400: Using dialect: org.hibernate.dialect.H2Dialect
2023-09-09 00:34:14.832  INFO 123860 --- [    Test worker] o.h.e.t.j.p.i.JtaPlatformInitiator       : HHH000490: Using JtaPlatform implementation: [org.hibernate.engine.transaction.jta.platform.internal.NoJtaPlatform]
2023-09-09 00:34:14.840  INFO 123860 --- [    Test worker] j.LocalContainerEntityManagerFactoryBean : Initialized JPA EntityManagerFactory for persistence unit 'default'
2023-09-09 00:34:15.506 DEBUG 123860 --- [    Test worker] edFilterInvocationSecurityMetadataSource : Adding web access control expression [permitAll] for Ant [pattern='/api/clients', POST]
2023-09-09 00:34:15.519 DEBUG 123860 --- [    Test worker] edFilterInvocationSecurityMetadataSource : Adding web access control expression [permitAll] for Ant [pattern='/web/login.html']
2023-09-09 00:34:15.519 DEBUG 123860 --- [    Test worker] edFilterInvocationSecurityMetadataSource : Adding web access control expression [permitAll] for Ant [pattern='/web/css/**']
2023-09-09 00:34:15.520 DEBUG 123860 --- [    Test worker] edFilterInvocationSecurityMetadataSource : Adding web access control expression [permitAll] for Ant [pattern='/web/index.html']
2023-09-09 00:34:15.520 DEBUG 123860 --- [    Test worker] edFilterInvocationSecurityMetadataSource : Adding web access control expression [permitAll] for Ant [pattern='/web/js/**']
2023-09-09 00:34:15.520 DEBUG 123860 --- [    Test worker] edFilterInvocationSecurityMetadataSource : Adding web access control expression [permitAll] for Ant [pattern='/web/ccs/style.css']
2023-09-09 00:34:15.520 DEBUG 123860 --- [    Test worker] edFilterInvocationSecurityMetadataSource : Adding web access control expression [permitAll] for Ant [pattern='/web/js/index.js']
2023-09-09 00:34:15.520 DEBUG 123860 --- [    Test worker] edFilterInvocationSecurityMetadataSource : Adding web access control expression [permitAll] for Ant [pattern='/web/img/**']
2023-09-09 00:34:15.520 DEBUG 123860 --- [    Test worker] edFilterInvocationSecurityMetadataSource : Adding web access control expression [permitAll] for Ant [pattern='/web/**']
2023-09-09 00:34:15.520 DEBUG 123860 --- [    Test worker] edFilterInvocationSecurityMetadataSource : Adding web access control expression [hasAnyAuthority('CLIENT','ADMIN')] for Ant [pattern='/api/clients/current', GET]
2023-09-09 00:34:15.522 DEBUG 123860 --- [    Test worker] edFilterInvocationSecurityMetadataSource : Adding web access control expression [hasAnyAuthority('CLIENT','ADMIN')] for Ant [pattern='/api/accounts/', GET]
2023-09-09 00:34:15.522 DEBUG 123860 --- [    Test worker] edFilterInvocationSecurityMetadataSource : Adding web access control expression [hasAnyAuthority('CLIENT','ADMIN')] for Ant [pattern='/api/loans', GET]
2023-09-09 00:34:15.522 DEBUG 123860 --- [    Test worker] edFilterInvocationSecurityMetadataSource : Adding web access control expression [hasAnyAuthority('CLIENT','ADMIN')] for Ant [pattern='/api/clients/current/accounts', GET]
2023-09-09 00:34:15.522 DEBUG 123860 --- [    Test worker] edFilterInvocationSecurityMetadataSource : Adding web access control expression [hasAnyAuthority('CLIENT','ADMIN')] for Ant [pattern='/api/accounts/*', GET]
2023-09-09 00:34:15.523 DEBUG 123860 --- [    Test worker] edFilterInvocationSecurityMetadataSource : Adding web access control expression [hasAnyAuthority('CLIENT','ADMIN')] for Ant [pattern='/api/cards/current', GET]
2023-09-09 00:34:15.523 DEBUG 123860 --- [    Test worker] edFilterInvocationSecurityMetadataSource : Adding web access control expression [hasAnyAuthority('CLIENT','ADMIN')] for Ant [pattern='/api/transactions', GET]
2023-09-09 00:34:15.523 DEBUG 123860 --- [    Test worker] edFilterInvocationSecurityMetadataSource : Adding web access control expression [hasAnyAuthority('CLIENT','ADMIN')] for Ant [pattern='/api/clients/current/cards', GET]
2023-09-09 00:34:15.523 DEBUG 123860 --- [    Test worker] edFilterInvocationSecurityMetadataSource : Adding web access control expression [hasAnyAuthority('CLIENT','ADMIN')] for Ant [pattern='/api/clients/current/cards', POST]
2023-09-09 00:34:15.523 DEBUG 123860 --- [    Test worker] edFilterInvocationSecurityMetadataSource : Adding web access control expression [hasAnyAuthority('CLIENT','ADMIN')] for Ant [pattern='/api/clients/current/accounts', POST]
2023-09-09 00:34:15.523 DEBUG 123860 --- [    Test worker] edFilterInvocationSecurityMetadataSource : Adding web access control expression [hasAnyAuthority('CLIENT','ADMIN')] for Ant [pattern='/api/clients/current/transactions', POST]
2023-09-09 00:34:15.524 DEBUG 123860 --- [    Test worker] edFilterInvocationSecurityMetadataSource : Adding web access control expression [hasAnyAuthority('CLIENT','ADMIN')] for Ant [pattern='/api/transactions', POST]
2023-09-09 00:34:15.524 DEBUG 123860 --- [    Test worker] edFilterInvocationSecurityMetadataSource : Adding web access control expression [hasAnyAuthority('CLIENT','ADMIN')] for Ant [pattern='/api/loans', POST]
2023-09-09 00:34:15.524 DEBUG 123860 --- [    Test worker] edFilterInvocationSecurityMetadataSource : Adding web access control expression [hasAuthority('ADMIN')] for Ant [pattern='/h2-console/']
2023-09-09 00:34:15.524 DEBUG 123860 --- [    Test worker] edFilterInvocationSecurityMetadataSource : Adding web access control expression [hasAuthority('ADMIN')] for Ant [pattern='/rest/']
2023-09-09 00:34:15.524 DEBUG 123860 --- [    Test worker] edFilterInvocationSecurityMetadataSource : Adding web access control expression [hasAuthority('ADMIN')] for Ant [pattern='/api/clients']
2023-09-09 00:34:15.524 DEBUG 123860 --- [    Test worker] edFilterInvocationSecurityMetadataSource : Adding web access control expression [denyAll] for any request
2023-09-09 00:34:15.545  INFO 123860 --- [    Test worker] o.s.s.web.DefaultSecurityFilterChain     : Will secure any request with [org.springframework.security.web.session.DisableEncodeUrlFilter@34d26a68, org.springframework.security.web.context.request.async.WebAsyncManagerIntegrationFilter@fef2768, org.springframework.security.web.context.SecurityContextPersistenceFilter@21202507, org.springframework.security.web.header.HeaderWriterFilter@52bcfd10, org.springframework.security.web.authentication.logout.LogoutFilter@65dd2191, org.springframework.security.web.authentication.UsernamePasswordAuthenticationFilter@7bdddfa4, org.springframework.security.web.savedrequest.RequestCacheAwareFilter@e0f2686, org.springframework.security.web.servletapi.SecurityContextHolderAwareRequestFilter@2e27325d, org.springframework.security.web.authentication.AnonymousAuthenticationFilter@3a574a3b, org.springframework.security.web.session.SessionManagementFilter@103033fe, org.springframework.security.web.access.ExceptionTranslationFilter@733345f5, org.springframework.security.web.access.intercept.FilterSecurityInterceptor@125ba798]
2023-09-09 00:34:15.750  WARN 123860 --- [    Test worker] JpaBaseConfiguration$JpaWebConfiguration : spring.jpa.open-in-view is enabled by default. Therefore, database queries may be performed during view rendering. Explicitly configure spring.jpa.open-in-view to disable this warning
2023-09-09 00:34:16.160  INFO 123860 --- [    Test worker] o.s.b.a.h2.H2ConsoleAutoConfiguration    : H2 console available at '/h2-console'. Database available at 'jdbc:h2:mem:homebanking'
2023-09-09 00:34:16.606  INFO 123860 --- [    Test worker] c.m.h.HomebankingApplicationTests        : Started HomebankingApplicationTests in 4.62 seconds (JVM running for 6.623)
]]></system-out>
  <system-err><![CDATA[]]></system-err>
</testsuite>
